<?xml version="1.0" encoding="UTF-8"?>
<!-- Generated by org.testng.reporters.JUnitReportReporter -->
<testsuite skipped="0" hostname="BRPC444" name="com.backroads.softrip.testcases.ui.test" tests="2" failures="0" timestamp="23 Aug 2017 20:38:39 GMT" time="16.426" errors="0">
  <testcase name="loginTest" time="1.442" classname="com.backroads.softrip.testcases.ui.test"/>
  <testcase name="suppliersContactWorkflow_56630" time="14.984" classname="com.backroads.softrip.testcases.ui.test"/>
</testsuite> <!-- com.backroads.softrip.testcases.ui.test -->
